<<<<<<< HEAD
﻿Build started 2/10/2016 10:48:27 PM.
     1>Project "C:\Users\Annie Vuvu\Documents\game_programming\AnVuCS3113\Assignment1\NYUCodebase.vcxproj" on node 2 (Build target(s)).
=======
﻿Build started 2/11/2016 4:53:21 PM.
     1>Project "D:\Google Drive\Senior\Game Programming\VuCS3113\Assignment1\NYUCodebase.vcxproj" on node 2 (Build target(s)).
>>>>>>> 4ddaf902bf126786a48d686cb6b27e3d22dbc43a
     1>ClCompile:
         D:\Microsoft Visual Studio 12.0\VC\bin\CL.exe /c /IC:\SDL2\include /IC:\SDL2_image\include /IC:\glew\include /IC:\SDL2_mixer\include /ZI /nologo /W3 /WX- /sdl /Od /Oy- /D _WINDOWS /D _MBCS /D _MBCS /Gm /EHsc /RTC1 /MDd /GS /fp:precise /Zc:wchar_t /Zc:forScope /Fo"Debug\\" /Fd"Debug\vc120.pdb" /Gd /TP /analyze- /errorReport:prompt main.cpp Matrix.cpp ShaderProgram.cpp
         ShaderProgram.cpp
         Matrix.cpp
     1>d:\google drive\senior\game programming\vucs3113\assignment1\matrix.cpp(213): warning C4244: 'argument' : conversion from 'double' to 'float', possible loss of data
     1>d:\google drive\senior\game programming\vucs3113\assignment1\matrix.cpp(214): warning C4244: 'argument' : conversion from 'double' to 'float', possible loss of data
         main.cpp
     1>d:\google drive\senior\game programming\vucs3113\assignment1\main.cpp(76): warning C4305: 'initializing' : truncation from 'double' to 'float'
     1>d:\google drive\senior\game programming\vucs3113\assignment1\main.cpp(157): warning C4244: '+=' : conversion from 'double' to 'float', possible loss of data
         Generating Code...
       Link:
         D:\Microsoft Visual Studio 12.0\VC\bin\link.exe /ERRORREPORT:PROMPT /OUT:"D:\Google Drive\Senior\Game Programming\VuCS3113\Assignment1\Debug\NYUCodebase.exe" /INCREMENTAL /NOLOGO /LIBPATH:C:\SDL2_mixer\lib\x86 /LIBPATH:C:\SDL2\lib\x86 /LIBPATH:C:\SDL2_image\lib\x86 /LIBPATH:C:\glew\lib\Release\Win32 SDL2.lib SDL2_mixer.lib glew32.lib SDL2main.lib SDL2_image.lib OpenGL32.lib /MANIFEST /MANIFESTUAC:"level='asInvoker' uiAccess='false'" /manifest:embed /DEBUG /PDB:"D:\Google Drive\Senior\Game Programming\VuCS3113\Assignment1\Debug\NYUCodebase.pdb" /SUBSYSTEM:WINDOWS /TLBID:1 /DYNAMICBASE /NXCOMPAT /IMPLIB:"D:\Google Drive\Senior\Game Programming\VuCS3113\Assignment1\Debug\NYUCodebase.lib" /MACHINE:X86 Debug\main.obj
         Debug\Matrix.obj
         Debug\ShaderProgram.obj
         LINK : D:\Google Drive\Senior\Game Programming\VuCS3113\Assignment1\Debug\NYUCodebase.exe not found or not built by the last incremental link; performing full link
     1>MSVCRTD.lib(cinitexe.obj) : warning LNK4098: defaultlib 'msvcrt.lib' conflicts with use of other libs; use /NODEFAULTLIB:library
         NYUCodebase.vcxproj -> D:\Google Drive\Senior\Game Programming\VuCS3113\Assignment1\Debug\NYUCodebase.exe
     1>Done Building Project "D:\Google Drive\Senior\Game Programming\VuCS3113\Assignment1\NYUCodebase.vcxproj" (Build target(s)).

Build succeeded.

<<<<<<< HEAD
Time Elapsed 00:00:09.55
=======
Time Elapsed 00:00:12.70
>>>>>>> 4ddaf902bf126786a48d686cb6b27e3d22dbc43a
