Build started 2/16/2016 10:50:20 PM.
     1>Project "C:\Users\Annie Vuvu\Documents\game_programming\AnVuCS3113\Assignment2\Assignment2\Assignment2.vcxproj" on node 2 (Build target(s)).
     1>ClCompile:
         C:\Program Files (x86)\Microsoft Visual Studio 12.0\VC\bin\CL.exe /c /IC:\SDL2\include /IC:\SDL2_image\include /IC:\glew\include /IC:\SDL2_mixer\include /ZI /nologo /W3 /WX- /sdl /Od /Oy- /D _WINDOWS /D _MBCS /D _MBCS /Gm /EHsc /RTC1 /MDd /GS /fp:precise /Zc:wchar_t /Zc:forScope /Fo"Debug\\" /Fd"Debug\vc120.pdb" /Gd /TP /analyze- /errorReport:prompt main.cpp
         main.cpp
     1>c:\users\annie vuvu\documents\game_programming\anvucs3113\assignment2\assignment2\main.cpp(30): warning C4305: 'argument' : truncation from 'double' to 'float'
     1>c:\users\annie vuvu\documents\game_programming\anvucs3113\assignment2\assignment2\main.cpp(31): warning C4305: 'argument' : truncation from 'double' to 'float'
     1>c:\users\annie vuvu\documents\game_programming\anvucs3113\assignment2\assignment2\main.cpp(32): warning C4305: 'argument' : truncation from 'double' to 'float'
     1>c:\users\annie vuvu\documents\game_programming\anvucs3113\assignment2\assignment2\main.cpp(112): warning C4244: '=' : conversion from 'double' to 'float', possible loss of data
     1>c:\users\annie vuvu\documents\game_programming\anvucs3113\assignment2\assignment2\main.cpp(114): warning C4244: 'initializing' : conversion from 'double' to 'float', possible loss of data
     1>c:\users\annie vuvu\documents\game_programming\anvucs3113\assignment2\assignment2\main.cpp(123): warning C4244: '=' : conversion from 'double' to 'float', possible loss of data
     1>c:\users\annie vuvu\documents\game_programming\anvucs3113\assignment2\assignment2\main.cpp(125): warning C4244: 'initializing' : conversion from 'double' to 'float', possible loss of data
     1>c:\users\annie vuvu\documents\game_programming\anvucs3113\assignment2\assignment2\main.cpp(132): warning C4244: '=' : conversion from 'double' to 'float', possible loss of data
     1>c:\users\annie vuvu\documents\game_programming\anvucs3113\assignment2\assignment2\main.cpp(138): warning C4244: '=' : conversion from 'double' to 'float', possible loss of data
     1>c:\users\annie vuvu\documents\game_programming\anvucs3113\assignment2\assignment2\main.cpp(144): warning C4244: '=' : conversion from 'double' to 'float', possible loss of data
     1>c:\users\annie vuvu\documents\game_programming\anvucs3113\assignment2\assignment2\main.cpp(149): warning C4244: '=' : conversion from 'double' to 'float', possible loss of data
     1>c:\users\annie vuvu\documents\game_programming\anvucs3113\assignment2\assignment2\main.cpp(154): warning C4244: '=' : conversion from 'double' to 'float', possible loss of data
     1>c:\users\annie vuvu\documents\game_programming\anvucs3113\assignment2\assignment2\main.cpp(158): warning C4244: '=' : conversion from 'double' to 'float', possible loss of data
       Link:
         C:\Program Files (x86)\Microsoft Visual Studio 12.0\VC\bin\link.exe /ERRORREPORT:PROMPT /OUT:"C:\Users\Annie Vuvu\Documents\game_programming\AnVuCS3113\Assignment2\Assignment2\Debug\Assignment2.exe" /INCREMENTAL /NOLOGO /LIBPATH:C:\SDL2_mixer\lib\x86 /LIBPATH:C:\SDL2\lib\x86 /LIBPATH:C:\SDL2_image\lib\x86 /LIBPATH:C:\glew\lib\Release\Win32 SDL2.lib SDL2_mixer.lib glew32.lib SDL2main.lib SDL2_image.lib OpenGL32.lib /MANIFEST /MANIFESTUAC:"level='asInvoker' uiAccess='false'" /manifest:embed /DEBUG /PDB:"C:\Users\Annie Vuvu\Documents\game_programming\AnVuCS3113\Assignment2\Assignment2\Debug\Assignment2.pdb" /SUBSYSTEM:WINDOWS /TLBID:1 /DYNAMICBASE /NXCOMPAT /IMPLIB:"C:\Users\Annie Vuvu\Documents\game_programming\AnVuCS3113\Assignment2\Assignment2\Debug\Assignment2.lib" /MACHINE:X86 Debug\Entity.obj
         Debug\main.obj
         Debug\Matrix.obj
         Debug\ShaderProgram.obj
         Assignment2.vcxproj -> C:\Users\Annie Vuvu\Documents\game_programming\AnVuCS3113\Assignment2\Assignment2\Debug\Assignment2.exe
     1>Done Building Project "C:\Users\Annie Vuvu\Documents\game_programming\AnVuCS3113\Assignment2\Assignment2\Assignment2.vcxproj" (Build target(s)).

Build succeeded.

Time Elapsed 00:00:04.38
